-------------------------------------------------------------------------------
Test set: com.example.demo.TestePraticoAppApplicationTests
-------------------------------------------------------------------------------
Tests run: 1, Failures: 0, Errors: 1, Skipped: 0, Time elapsed: 0.259 s <<< FAILURE! - in com.example.demo.TestePraticoAppApplicationTests
com.example.demo.TestePraticoAppApplicationTests  Time elapsed: 0.258 s  <<< ERROR!
java.lang.IllegalStateException: Unable to find a @SpringBootConfiguration, you need to use @ContextConfiguration or @SpringBootTest(classes=...) with your test

